<?xml version="1.0" encoding="UTF-8"?>
<coverage generated="1756481902506" clover="3.2.0">
  <project timestamp="1756481902507" name="All files">
    <metrics statements="67" coveredstatements="65" conditionals="25" coveredconditionals="19" methods="22" coveredmethods="20" elements="114" coveredelements="104" complexity="0" loc="67" ncloc="67" packages="3" files="5" classes="5"/>
    <package name="controllers">
      <metrics statements="24" coveredstatements="24" conditionals="6" coveredconditionals="5" methods="3" coveredmethods="3"/>
      <file name="event.controller.ts" path="C:\Users\benit\OneDrive\Desktop\simple-api\controllers\event.controller.ts">
        <metrics statements="24" coveredstatements="24" conditionals="6" coveredconditionals="5" methods="3" coveredmethods="3"/>
        <line num="2" count="1" type="stmt"/>
        <line num="3" count="1" type="stmt"/>
        <line num="5" count="1" type="stmt"/>
        <line num="6" count="9" type="stmt"/>
        <line num="7" count="9" type="stmt"/>
        <line num="8" count="9" type="stmt"/>
        <line num="9" count="9" type="stmt"/>
        <line num="11" count="5" type="cond" truecount="2" falsecount="0"/>
        <line num="12" count="3" type="cond" truecount="2" falsecount="0"/>
        <line num="13" count="1" type="cond" truecount="1" falsecount="1"/>
        <line num="15" count="1" type="stmt"/>
        <line num="17" count="1" type="stmt"/>
        <line num="19" count="1" type="stmt"/>
        <line num="21" count="8" type="stmt"/>
        <line num="25" count="1" type="stmt"/>
        <line num="26" count="3" type="stmt"/>
        <line num="27" count="3" type="stmt"/>
        <line num="28" count="2" type="stmt"/>
        <line num="30" count="1" type="stmt"/>
        <line num="34" count="1" type="stmt"/>
        <line num="35" count="2" type="stmt"/>
        <line num="36" count="2" type="stmt"/>
        <line num="37" count="1" type="stmt"/>
        <line num="39" count="1" type="stmt"/>
      </file>
    </package>
    <package name="database">
      <metrics statements="29" coveredstatements="28" conditionals="15" coveredconditionals="10" methods="16" coveredmethods="15"/>
      <file name="db.context.ts" path="C:\Users\benit\OneDrive\Desktop\simple-api\database\db.context.ts">
        <metrics statements="7" coveredstatements="7" conditionals="0" coveredconditionals="0" methods="0" coveredmethods="0"/>
        <line num="1" count="1" type="stmt"/>
        <line num="2" count="1" type="stmt"/>
        <line num="4" count="1" type="stmt"/>
        <line num="5" count="1" type="stmt"/>
        <line num="6" count="1" type="stmt"/>
        <line num="8" count="1" type="stmt"/>
        <line num="9" count="1" type="stmt"/>
      </file>
      <file name="db.events.manager.ts" path="C:\Users\benit\OneDrive\Desktop\simple-api\database\db.events.manager.ts">
        <metrics statements="8" coveredstatements="7" conditionals="3" coveredconditionals="2" methods="6" coveredmethods="5"/>
        <line num="1" count="1" type="stmt"/>
        <line num="8" count="2" type="stmt"/>
        <line num="14" count="3" type="stmt"/>
        <line num="23" count="3" type="stmt"/>
        <line num="24" count="3" type="cond" truecount="1" falsecount="1"/>
        <line num="29" count="2" type="stmt"/>
        <line num="33" count="0" type="stmt"/>
        <line num="38" count="1" type="stmt"/>
      </file>
      <file name="event.repository.ts" path="C:\Users\benit\OneDrive\Desktop\simple-api\database\event.repository.ts">
        <metrics statements="14" coveredstatements="14" conditionals="12" coveredconditionals="8" methods="10" coveredmethods="10"/>
        <line num="14" count="2" type="stmt"/>
        <line num="19" count="5" type="stmt"/>
        <line num="24" count="5" type="stmt"/>
        <line num="25" count="5" type="cond" truecount="1" falsecount="1"/>
        <line num="30" count="3" type="stmt"/>
        <line num="31" count="3" type="stmt"/>
        <line num="32" count="3" type="cond" truecount="4" falsecount="2"/>
        <line num="37" count="2" type="stmt"/>
        <line num="38" count="2" type="stmt"/>
        <line num="39" count="2" type="stmt"/>
        <line num="40" count="2" type="cond" truecount="1" falsecount="1"/>
        <line num="41" count="2" type="cond" truecount="2" falsecount="0"/>
        <line num="42" count="1" type="stmt"/>
        <line num="49" count="1" type="stmt"/>
      </file>
    </package>
    <package name="utils">
      <metrics statements="14" coveredstatements="13" conditionals="4" coveredconditionals="4" methods="3" coveredmethods="2"/>
      <file name="utils.db.events.ts" path="C:\Users\benit\OneDrive\Desktop\simple-api\utils\utils.db.events.ts">
        <metrics statements="14" coveredstatements="13" conditionals="4" coveredconditionals="4" methods="3" coveredmethods="2"/>
        <line num="1" count="1" type="stmt"/>
        <line num="3" count="11" type="stmt"/>
        <line num="4" count="11" type="cond" truecount="2" falsecount="0"/>
        <line num="5" count="2" type="stmt"/>
        <line num="7" count="9" type="stmt"/>
        <line num="8" count="9" type="stmt"/>
        <line num="9" count="6" type="stmt"/>
        <line num="12" count="1" type="stmt"/>
        <line num="14" count="3" type="stmt"/>
        <line num="15" count="3" type="cond" truecount="2" falsecount="0"/>
        <line num="16" count="2" type="stmt"/>
        <line num="18" count="3" type="stmt"/>
        <line num="19" count="0" type="stmt"/>
        <line num="22" count="3" type="stmt"/>
      </file>
    </package>
  </project>
</coverage>
