{"C:\\Users\\benit\\OneDrive\\Desktop\\simple-api\\controllers\\event.controller.ts": {"path":"C:\\Users\\benit\\OneDrive\\Desktop\\simple-api\\controllers\\event.controller.ts","statementMap":{"0":{"start":{"line":5,"column":0},"end":{"line":5,"column":22}},"1":{"start":{"line":25,"column":0},"end":{"line":25,"column":22}},"2":{"start":{"line":34,"column":0},"end":{"line":34,"column":22}},"3":{"start":{"line":2,"column":0},"end":{"line":2,"column":77}},"4":{"start":{"line":3,"column":0},"end":{"line":3,"column":63}},"5":{"start":{"line":6,"column":2},"end":{"line":22,"column":3}},"6":{"start":{"line":7,"column":43},"end":{"line":7,"column":51}},"7":{"start":{"line":8,"column":4},"end":{"line":8,"column":null}},"8":{"start":{"line":9,"column":24},"end":{"line":9,"column":50}},"9":{"start":{"line":11,"column":4},"end":{"line":11,"column":null}},"10":{"start":{"line":11,"column":16},"end":{"line":11,"column":null}},"11":{"start":{"line":12,"column":4},"end":{"line":12,"column":null}},"12":{"start":{"line":12,"column":22},"end":{"line":12,"column":null}},"13":{"start":{"line":13,"column":4},"end":{"line":13,"column":null}},"14":{"start":{"line":13,"column":19},"end":{"line":13,"column":null}},"15":{"start":{"line":15,"column":19},"end":{"line":15,"column":69}},"16":{"start":{"line":17,"column":4},"end":{"line":17,"column":null}},"17":{"start":{"line":19,"column":4},"end":{"line":19,"column":null}},"18":{"start":{"line":21,"column":4},"end":{"line":21,"column":null}},"19":{"start":{"line":26,"column":2},"end":{"line":31,"column":3}},"20":{"start":{"line":27,"column":19},"end":{"line":27,"column":39}},"21":{"start":{"line":28,"column":4},"end":{"line":28,"column":null}},"22":{"start":{"line":30,"column":4},"end":{"line":30,"column":null}},"23":{"start":{"line":35,"column":2},"end":{"line":40,"column":3}},"24":{"start":{"line":36,"column":18},"end":{"line":36,"column":58}},"25":{"start":{"line":37,"column":4},"end":{"line":37,"column":null}},"26":{"start":{"line":39,"column":4},"end":{"line":39,"column":null}}},"fnMap":{"0":{"name":"addEvent","decl":{"start":{"line":5,"column":22},"end":{"line":5,"column":30}},"loc":{"start":{"line":5,"column":78},"end":{"line":23,"column":null}}},"1":{"name":"getEvents","decl":{"start":{"line":25,"column":22},"end":{"line":25,"column":31}},"loc":{"start":{"line":25,"column":79},"end":{"line":32,"column":null}}},"2":{"name":"getEvent","decl":{"start":{"line":34,"column":22},"end":{"line":34,"column":30}},"loc":{"start":{"line":34,"column":78},"end":{"line":41,"column":null}}}},"branchMap":{"0":{"loc":{"start":{"line":11,"column":4},"end":{"line":11,"column":null}},"type":"if","locations":[{"start":{"line":11,"column":4},"end":{"line":11,"column":null}},{"start":{},"end":{}}]},"1":{"loc":{"start":{"line":12,"column":4},"end":{"line":12,"column":null}},"type":"if","locations":[{"start":{"line":12,"column":4},"end":{"line":12,"column":null}},{"start":{},"end":{}}]},"2":{"loc":{"start":{"line":13,"column":4},"end":{"line":13,"column":null}},"type":"if","locations":[{"start":{"line":13,"column":4},"end":{"line":13,"column":null}},{"start":{},"end":{}}]}},"s":{"0":1,"1":1,"2":1,"3":1,"4":1,"5":9,"6":9,"7":9,"8":9,"9":5,"10":2,"11":3,"12":2,"13":1,"14":0,"15":1,"16":1,"17":1,"18":8,"19":3,"20":3,"21":2,"22":1,"23":2,"24":2,"25":1,"26":1},"f":{"0":9,"1":3,"2":2},"b":{"0":[2,3],"1":[2,1],"2":[0,1]}}
,"C:\\Users\\benit\\OneDrive\\Desktop\\simple-api\\database\\db.context.ts": {"path":"C:\\Users\\benit\\OneDrive\\Desktop\\simple-api\\database\\db.context.ts","statementMap":{"0":{"start":{"line":1,"column":0},"end":{"line":1,"column":60}},"1":{"start":{"line":2,"column":0},"end":{"line":2,"column":59}},"2":{"start":{"line":4,"column":18},"end":{"line":4,"column":39}},"3":{"start":{"line":9,"column":9},"end":{"line":9,"column":18}},"4":{"start":{"line":5,"column":0},"end":{"line":5,"column":24}},"5":{"start":{"line":6,"column":11},"end":{"line":6,"column":28}},"6":{"start":{"line":8,"column":13},"end":{"line":8,"column":55}}},"fnMap":{},"branchMap":{},"s":{"0":1,"1":1,"2":1,"3":1,"4":1,"5":1,"6":1},"f":{},"b":{}}
,"C:\\Users\\benit\\OneDrive\\Desktop\\simple-api\\database\\db.events.manager.ts": {"path":"C:\\Users\\benit\\OneDrive\\Desktop\\simple-api\\database\\db.events.manager.ts","statementMap":{"0":{"start":{"line":1,"column":0},"end":{"line":1,"column":34}},"1":{"start":{"line":8,"column":4},"end":{"line":8,"column":35}},"2":{"start":{"line":14,"column":6},"end":{"line":21,"column":null}},"3":{"start":{"line":23,"column":4},"end":{"line":25,"column":null}},"4":{"start":{"line":24,"column":6},"end":{"line":24,"column":null}},"5":{"start":{"line":24,"column":42},"end":{"line":24,"column":101}},"6":{"start":{"line":29,"column":4},"end":{"line":29,"column":null}},"7":{"start":{"line":33,"column":4},"end":{"line":33,"column":20}},"8":{"start":{"line":38,"column":0},"end":{"line":38,"column":null}}},"fnMap":{"0":{"name":"(anonymous_0)","decl":{"start":{"line":7,"column":2},"end":{"line":7,"column":14}},"loc":{"start":{"line":7,"column":51},"end":{"line":9,"column":3}}},"1":{"name":"(anonymous_1)","decl":{"start":{"line":11,"column":2},"end":{"line":11,"column":13}},"loc":{"start":{"line":11,"column":13},"end":{"line":26,"column":3}}},"2":{"name":"(anonymous_2)","decl":{"start":{"line":23,"column":23},"end":{"line":23,"column":24}},"loc":{"start":{"line":23,"column":43},"end":{"line":25,"column":5}}},"3":{"name":"(anonymous_3)","decl":{"start":{"line":24,"column":25},"end":{"line":24,"column":26}},"loc":{"start":{"line":24,"column":40},"end":{"line":24,"column":101}}},"4":{"name":"(anonymous_4)","decl":{"start":{"line":28,"column":2},"end":{"line":28,"column":7}},"loc":{"start":{"line":28,"column":7},"end":{"line":30,"column":3}}},"5":{"name":"(anonymous_5)","decl":{"start":{"line":32,"column":2},"end":{"line":32,"column":7}},"loc":{"start":{"line":32,"column":7},"end":{"line":34,"column":3}}}},"branchMap":{"0":{"loc":{"start":{"line":7,"column":14},"end":{"line":7,"column":51}},"type":"default-arg","locations":[{"start":{"line":7,"column":31},"end":{"line":7,"column":51}}]},"1":{"loc":{"start":{"line":24,"column":42},"end":{"line":24,"column":100}},"type":"cond-expr","locations":[{"start":{"line":24,"column":48},"end":{"line":24,"column":59}},{"start":{"line":24,"column":62},"end":{"line":24,"column":100}}]}},"s":{"0":1,"1":2,"2":3,"3":3,"4":3,"5":3,"6":2,"7":0,"8":1},"f":{"0":2,"1":3,"2":3,"3":3,"4":2,"5":0},"b":{"0":[1],"1":[0,3]}}
,"C:\\Users\\benit\\OneDrive\\Desktop\\simple-api\\database\\event.repository.ts": {"path":"C:\\Users\\benit\\OneDrive\\Desktop\\simple-api\\database\\event.repository.ts","statementMap":{"0":{"start":{"line":14,"column":8},"end":{"line":14,"column":21}},"1":{"start":{"line":19,"column":8},"end":{"line":22,"column":null}},"2":{"start":{"line":24,"column":8},"end":{"line":26,"column":null}},"3":{"start":{"line":25,"column":8},"end":{"line":25,"column":null}},"4":{"start":{"line":25,"column":44},"end":{"line":25,"column":109}},"5":{"start":{"line":30,"column":22},"end":{"line":30,"column":44}},"6":{"start":{"line":31,"column":8},"end":{"line":33,"column":null}},"7":{"start":{"line":32,"column":12},"end":{"line":32,"column":116}},"8":{"start":{"line":32,"column":74},"end":{"line":32,"column":113}},"9":{"start":{"line":37,"column":22},"end":{"line":37,"column":66}},"10":{"start":{"line":38,"column":8},"end":{"line":44,"column":null}},"11":{"start":{"line":39,"column":12},"end":{"line":43,"column":null}},"12":{"start":{"line":40,"column":16},"end":{"line":40,"column":44}},"13":{"start":{"line":40,"column":25},"end":{"line":40,"column":44}},"14":{"start":{"line":41,"column":16},"end":{"line":41,"column":46}},"15":{"start":{"line":41,"column":26},"end":{"line":41,"column":46}},"16":{"start":{"line":42,"column":16},"end":{"line":42,"column":29}},"17":{"start":{"line":49,"column":0},"end":{"line":49,"column":null}}},"fnMap":{"0":{"name":"(anonymous_0)","decl":{"start":{"line":13,"column":4},"end":{"line":13,"column":16}},"loc":{"start":{"line":13,"column":28},"end":{"line":15,"column":5}}},"1":{"name":"(anonymous_1)","decl":{"start":{"line":17,"column":4},"end":{"line":17,"column":12}},"loc":{"start":{"line":17,"column":65},"end":{"line":27,"column":5}}},"2":{"name":"(anonymous_2)","decl":{"start":{"line":24,"column":27},"end":{"line":24,"column":28}},"loc":{"start":{"line":24,"column":47},"end":{"line":26,"column":9}}},"3":{"name":"(anonymous_3)","decl":{"start":{"line":25,"column":27},"end":{"line":25,"column":28}},"loc":{"start":{"line":25,"column":42},"end":{"line":25,"column":109}}},"4":{"name":"(anonymous_4)","decl":{"start":{"line":29,"column":4},"end":{"line":29,"column":13}},"loc":{"start":{"line":29,"column":13},"end":{"line":34,"column":5}}},"5":{"name":"(anonymous_5)","decl":{"start":{"line":31,"column":27},"end":{"line":31,"column":28}},"loc":{"start":{"line":31,"column":47},"end":{"line":33,"column":9}}},"6":{"name":"(anonymous_6)","decl":{"start":{"line":32,"column":31},"end":{"line":32,"column":32}},"loc":{"start":{"line":32,"column":74},"end":{"line":32,"column":113}}},"7":{"name":"(anonymous_7)","decl":{"start":{"line":36,"column":4},"end":{"line":36,"column":12}},"loc":{"start":{"line":36,"column":23},"end":{"line":45,"column":5}}},"8":{"name":"(anonymous_8)","decl":{"start":{"line":38,"column":27},"end":{"line":38,"column":28}},"loc":{"start":{"line":38,"column":47},"end":{"line":44,"column":9}}},"9":{"name":"(anonymous_9)","decl":{"start":{"line":39,"column":31},"end":{"line":39,"column":32}},"loc":{"start":{"line":39,"column":62},"end":{"line":43,"column":13}}}},"branchMap":{"0":{"loc":{"start":{"line":25,"column":44},"end":{"line":25,"column":108}},"type":"cond-expr","locations":[{"start":{"line":25,"column":50},"end":{"line":25,"column":61}},{"start":{"line":25,"column":64},"end":{"line":25,"column":108}}]},"1":{"loc":{"start":{"line":32,"column":74},"end":{"line":32,"column":113}},"type":"cond-expr","locations":[{"start":{"line":32,"column":80},"end":{"line":32,"column":91}},{"start":{"line":32,"column":94},"end":{"line":32,"column":113}}]},"2":{"loc":{"start":{"line":32,"column":102},"end":{"line":32,"column":112}},"type":"cond-expr","locations":[{"start":{"line":32,"column":102},"end":{"line":32,"column":106}},{"start":{"line":32,"column":110},"end":{"line":32,"column":112}}]},"3":{"loc":{"start":{"line":32,"column":102},"end":{"line":32,"column":110}},"type":"binary-expr","locations":[{"start":{"line":32,"column":102},"end":{"line":32,"column":110}},{"start":{"line":32,"column":102},"end":{"line":32,"column":110}}]},"4":{"loc":{"start":{"line":40,"column":16},"end":{"line":40,"column":44}},"type":"if","locations":[{"start":{"line":40,"column":16},"end":{"line":40,"column":44}},{"start":{},"end":{}}]},"5":{"loc":{"start":{"line":41,"column":16},"end":{"line":41,"column":46}},"type":"if","locations":[{"start":{"line":41,"column":16},"end":{"line":41,"column":46}},{"start":{},"end":{}}]}},"s":{"0":2,"1":5,"2":5,"3":5,"4":5,"5":3,"6":3,"7":3,"8":3,"9":2,"10":2,"11":2,"12":2,"13":0,"14":2,"15":1,"16":1,"17":1},"f":{"0":2,"1":5,"2":5,"3":5,"4":3,"5":3,"6":3,"7":2,"8":2,"9":2},"b":{"0":[0,5],"1":[0,3],"2":[3,0],"3":[3,3],"4":[0,2],"5":[1,1]}}
,"C:\\Users\\benit\\OneDrive\\Desktop\\simple-api\\utils\\utils.db.events.ts": {"path":"C:\\Users\\benit\\OneDrive\\Desktop\\simple-api\\utils\\utils.db.events.ts","statementMap":{"0":{"start":{"line":1,"column":0},"end":{"line":1,"column":16}},"1":{"start":{"line":12,"column":0},"end":{"line":12,"column":16}},"2":{"start":{"line":3,"column":22},"end":{"line":3,"column":38}},"3":{"start":{"line":4,"column":2},"end":{"line":5,"column":null}},"4":{"start":{"line":5,"column":6},"end":{"line":5,"column":null}},"5":{"start":{"line":7,"column":2},"end":{"line":7,"column":null}},"6":{"start":{"line":8,"column":22},"end":{"line":8,"column":77}},"7":{"start":{"line":9,"column":2},"end":{"line":9,"column":null}},"8":{"start":{"line":14,"column":14},"end":{"line":14,"column":63}},"9":{"start":{"line":15,"column":2},"end":{"line":17,"column":3}},"10":{"start":{"line":16,"column":4},"end":{"line":16,"column":null}},"11":{"start":{"line":18,"column":2},"end":{"line":20,"column":null}},"12":{"start":{"line":19,"column":6},"end":{"line":19,"column":null}},"13":{"start":{"line":22,"column":2},"end":{"line":22,"column":null}}},"fnMap":{"0":{"name":"validateAndParse","decl":{"start":{"line":1,"column":16},"end":{"line":1,"column":32}},"loc":{"start":{"line":1,"column":47},"end":{"line":10,"column":1}}},"1":{"name":"setNotification","decl":{"start":{"line":12,"column":16},"end":{"line":12,"column":31}},"loc":{"start":{"line":12,"column":61},"end":{"line":23,"column":1}}},"2":{"name":"(anonymous_2)","decl":{"start":{"line":18,"column":13},"end":{"line":18,"column":16}},"loc":{"start":{"line":18,"column":18},"end":{"line":20,"column":5}}}},"branchMap":{"0":{"loc":{"start":{"line":4,"column":2},"end":{"line":5,"column":null}},"type":"if","locations":[{"start":{"line":4,"column":2},"end":{"line":5,"column":null}},{"start":{},"end":{}}]},"1":{"loc":{"start":{"line":15,"column":2},"end":{"line":17,"column":3}},"type":"if","locations":[{"start":{"line":15,"column":2},"end":{"line":17,"column":3}},{"start":{},"end":{}}]}},"s":{"0":1,"1":1,"2":11,"3":11,"4":2,"5":9,"6":9,"7":6,"8":3,"9":3,"10":2,"11":3,"12":0,"13":3},"f":{"0":11,"1":3,"2":0},"b":{"0":[2,9],"1":[2,1]}}
}
