TN:
SF:controllers\event.controller.ts
FN:7,addEvent
FN:27,getEvents
FN:36,getEvent
FNF:3
FNH:3
FNDA:9,addEvent
FNDA:3,getEvents
FNDA:2,getEvent
DA:2,1
DA:3,1
DA:5,1
DA:7,1
DA:8,9
DA:9,9
DA:11,9
DA:13,5
DA:14,3
DA:15,1
DA:17,1
DA:19,1
DA:21,1
DA:23,8
DA:27,1
DA:28,3
DA:29,3
DA:30,2
DA:32,1
DA:36,1
DA:37,2
DA:38,2
DA:39,1
DA:41,1
LF:24
LH:24
BRDA:13,0,0,2
BRDA:13,0,1,3
BRDA:14,1,0,2
BRDA:14,1,1,1
BRDA:15,2,0,0
BRDA:15,2,1,1
BRF:6
BRH:5
end_of_record
TN:
SF:database\db.events.manager.ts
FN:7,(anonymous_0)
FN:11,(anonymous_1)
FN:23,(anonymous_2)
FN:24,(anonymous_3)
FN:28,(anonymous_4)
FN:35,(anonymous_5)
FN:36,(anonymous_6)
FN:40,(anonymous_7)
FN:42,(anonymous_8)
FN:43,(anonymous_9)
FN:47,(anonymous_10)
FN:49,(anonymous_11)
FN:50,(anonymous_12)
FNF:13
FNH:13
FNDA:2,(anonymous_0)
FNDA:2,(anonymous_1)
FNDA:2,(anonymous_2)
FNDA:2,(anonymous_3)
FNDA:4,(anonymous_4)
FNDA:4,(anonymous_5)
FNDA:4,(anonymous_6)
FNDA:3,(anonymous_7)
FNDA:3,(anonymous_8)
FNDA:3,(anonymous_9)
FNDA:2,(anonymous_10)
FNDA:2,(anonymous_11)
FNDA:2,(anonymous_12)
DA:1,1
DA:8,2
DA:14,2
DA:23,2
DA:24,2
DA:30,4
DA:35,4
DA:36,4
DA:41,3
DA:42,3
DA:43,3
DA:48,2
DA:49,2
DA:50,2
DA:56,1
LF:15
LH:15
BRDA:7,0,0,1
BRDA:24,1,0,0
BRDA:24,1,1,2
BRDA:36,2,0,0
BRDA:36,2,1,4
BRDA:43,3,0,0
BRDA:43,3,1,3
BRDA:50,4,0,1
BRDA:50,4,1,1
BRDA:50,5,0,2
BRDA:50,5,1,2
BRF:11
BRH:8
end_of_record
TN:
SF:utils\utils.db.events.ts
FN:1,validateAndParse
FN:12,setNotification
FN:18,(anonymous_2)
FNF:3
FNH:2
FNDA:11,validateAndParse
FNDA:3,setNotification
FNDA:0,(anonymous_2)
DA:1,1
DA:3,11
DA:4,11
DA:5,2
DA:7,9
DA:8,9
DA:9,6
DA:12,1
DA:14,3
DA:15,3
DA:16,2
DA:18,3
DA:19,0
DA:22,3
LF:14
LH:13
BRDA:4,0,0,2
BRDA:4,0,1,9
BRDA:15,1,0,2
BRDA:15,1,1,1
BRF:4
BRH:4
end_of_record
