TN:
SF:controllers\event.controller.ts
FN:5,addEvent
FN:25,getEvents
FN:34,getEvent
FNF:3
FNH:3
FNDA:9,addEvent
FNDA:3,getEvents
FNDA:2,getEvent
DA:2,1
DA:3,1
DA:5,1
DA:6,9
DA:7,9
DA:8,9
DA:9,9
DA:11,5
DA:12,3
DA:13,1
DA:15,1
DA:17,1
DA:19,1
DA:21,8
DA:25,1
DA:26,3
DA:27,3
DA:28,2
DA:30,1
DA:34,1
DA:35,2
DA:36,2
DA:37,1
DA:39,1
LF:24
LH:24
BRDA:11,0,0,2
BRDA:11,0,1,3
BRDA:12,1,0,2
BRDA:12,1,1,1
BRDA:13,2,0,0
BRDA:13,2,1,1
BRF:6
BRH:5
end_of_record
TN:
SF:database\db.context.ts
FNF:0
FNH:0
DA:1,1
DA:2,1
DA:4,1
DA:5,1
DA:6,1
DA:8,1
DA:9,1
LF:7
LH:7
BRF:0
BRH:0
end_of_record
TN:
SF:database\db.events.manager.ts
FN:7,(anonymous_0)
FN:11,(anonymous_1)
FN:23,(anonymous_2)
FN:24,(anonymous_3)
FN:28,(anonymous_4)
FN:32,(anonymous_5)
FNF:6
FNH:5
FNDA:2,(anonymous_0)
FNDA:3,(anonymous_1)
FNDA:3,(anonymous_2)
FNDA:3,(anonymous_3)
FNDA:2,(anonymous_4)
FNDA:0,(anonymous_5)
DA:1,1
DA:8,2
DA:14,3
DA:23,3
DA:24,3
DA:29,2
DA:33,0
DA:38,1
LF:8
LH:7
BRDA:7,0,0,1
BRDA:24,1,0,0
BRDA:24,1,1,3
BRF:3
BRH:2
end_of_record
TN:
SF:database\event.repository.ts
FN:13,(anonymous_0)
FN:17,(anonymous_1)
FN:24,(anonymous_2)
FN:25,(anonymous_3)
FN:29,(anonymous_4)
FN:31,(anonymous_5)
FN:32,(anonymous_6)
FN:36,(anonymous_7)
FN:38,(anonymous_8)
FN:39,(anonymous_9)
FNF:10
FNH:10
FNDA:2,(anonymous_0)
FNDA:5,(anonymous_1)
FNDA:5,(anonymous_2)
FNDA:5,(anonymous_3)
FNDA:3,(anonymous_4)
FNDA:3,(anonymous_5)
FNDA:3,(anonymous_6)
FNDA:2,(anonymous_7)
FNDA:2,(anonymous_8)
FNDA:2,(anonymous_9)
DA:14,2
DA:19,5
DA:24,5
DA:25,5
DA:30,3
DA:31,3
DA:32,3
DA:37,2
DA:38,2
DA:39,2
DA:40,2
DA:41,2
DA:42,1
DA:49,1
LF:14
LH:14
BRDA:25,0,0,0
BRDA:25,0,1,5
BRDA:32,1,0,0
BRDA:32,1,1,3
BRDA:32,2,0,3
BRDA:32,2,1,0
BRDA:32,3,0,3
BRDA:32,3,1,3
BRDA:40,4,0,0
BRDA:40,4,1,2
BRDA:41,5,0,1
BRDA:41,5,1,1
BRF:12
BRH:8
end_of_record
TN:
SF:utils\utils.db.events.ts
FN:1,validateAndParse
FN:12,setNotification
FN:18,(anonymous_2)
FNF:3
FNH:2
FNDA:11,validateAndParse
FNDA:3,setNotification
FNDA:0,(anonymous_2)
DA:1,1
DA:3,11
DA:4,11
DA:5,2
DA:7,9
DA:8,9
DA:9,6
DA:12,1
DA:14,3
DA:15,3
DA:16,2
DA:18,3
DA:19,0
DA:22,3
LF:14
LH:13
BRDA:4,0,0,2
BRDA:4,0,1,9
BRDA:15,1,0,2
BRDA:15,1,1,1
BRF:4
BRH:4
end_of_record
